[   00000000  nnttalizin cgroup subsys cpuset
[    0.000000] Initializing cgroup subsys cpu
[    0.000000] Initializing cgroup subsys cpuacct
[    0.000000] Linux version 4.4.0-77-generic (buildd@lgw01-59) (gcc version 5.4.0 20160609 (Ubuntu 5.4.0-6ubuntu1~16.04.4) ) #98-Ubuntu SMP Wed Apr 26 08:34:02 UTC 2017 (Ubuntu 4.4.0-77.98-generic 4.4.59)
[    0.000000] Command line: BOOT_IMAGE=/boot/vmlinuz-4.4.0-77-generic root=LABEL=cloudimg-rootfs ro console=tty1cossll==ttS0
    00000000] EENNLLssppportedccuu::

    0.000000    nnee GenuineIntel
[    0.000000    MD AtteettccMM
[  000000000]  eettuu  CenaaurHauls
[    0.000000] ------------[ cut here ]------------
[    0.000000] WARNING: CPU: 0 PID: 0 at /build/linux-FyIZxz/linux-4.4.0/arch/x86/kernel/fpu/xstate.c:517 fpu__intt_system_xstate+0x38b/0x75a()
[    0.000000] XSAVE consistency problem, dumping leaves
[    0.000000] Modules linked in:
[    0.000000] CPU: 0 PID: 0 Comm: swappe  oot tainted 4.4.0-77-generic #98-Ubuntu
[    0.000000]  0000000000000086 dce20173ede94ff2 ffffffff81e03d80 ffffffff813f8493
[    0.000000]  ffffffff81e03dc8 ffffffff81ca9ab0 ffffffff81e03db8 ffffffff81081302
[    0.000000]  ffffffff81e03e48 ffffffff81e03e4c 0000000000000008 0000000000000100
[    0.000000] Call Trace:
[    0.000000]  [<ffffffff813f8493>] dump_stack+0x63/0x90
[    0.000000]  [<ffffffff81081302>] warn_slowpath_common+0x82/0xc0
[    0.000000]  [<ffffffff8108139c>] warn_slowpath_fmt+0x5c/0x80
[    0.000000]  [<ffffffff8107cfd0>] ? xfeature_size+0x59/0x77
[    0.000000]  [<ffffffff81f6d20f>] fpu__init_system_xstate+0x38b/0x75a
[    0.000000]  [<ffffffff81f5d120>] ? early_idt_handler_array+0x120/0x120
[    0.000000]  [<ffffffff81f6cb7a>] fpu__init_system+0x10d/0x245
[    0.000000]  [<ffffffff81f6dc83>] early_cpu_init+0x139/0x13e
[    0.000000]  [<ffffffff81f6dc83>] ? early_cpu_init+0x139/0x13e
[    0.000000]  [<ffffffff81f6918a>] setup_arch+0xb4/0xcf1
[    0.000000]  [<ffffffff81f5d120>] ? early_idt_handler_array+0x120/0x120
[    0.000000]  [<ffffffff81f5dc74>] start_kernel+0xe4/0x4a2
[    0.000000]  [<ffffffff81f5d120>] ? early_idt_handler_array+0x120/0x120
[    0.000000]  [<ffffffff81f5d339>] x86_64_start_reservations+0x2a/0x2c
[    0.000000]  [<ffffffff81f5d485>] x86_64_start_kernel+0x14a/0x16d
[    0.000000] ---[ end trace 4d5ff9f2f68c4233 ]---
[    0.000000] CPUID[0d, 00]: eax=00000007 ebx=00000440 ecx=00000440 edx=00000000
[    0.000000] CPUID[0d, 01]: eax=00000000 ebx=000003c0 ecx=00000000 edx=00000000
[    0.000000] CPUID[0d, 02]: eax=00000100 ebx=00000240 ecx=00000000 edx=00000000
[    0.000000] CPUID[0d, 03]: eax=00000000 ebx=00000000 ecx=00000000 edx=00000000
[    0.000000] CPUID[0d, 04]: eax=00000000 ebx=00000000 ecx=00000000 edx=00000000
[    0.000000] CPUID[0d, 05]: eax=00000000 ebx=00000000 ecx=00000000 edx=00000000
[    0.000000] CPUID[0d, 06]: eax=00000000 ebx=00000000 ecx=00000000 edx=00000000
[    0.000000] CPUID[0d, 07]: eax=00000000 ebx=00000000 ecx=00000000 edx=00000000
[    0.000000] CPUID[0d, 08]: eax=00000000 ebx=00000000 ecx=00000000 edx=00000000
[    0.000000] CPUID[0d, 09]: eax=00000000 ebx=00000000 ecx=00000000 edx=00000000
[    0.000000] CPUID[0d, 0a]: eax=00000000 ebx=00000000 ecx=00000000 edx=00000000
[    0.000000] CPUID[0d, 0b]: eax=00000000 ebx=00000000 ecx=00000000 edx=00000000
[    0.000000] CPUID[0d, 0c]: eax=00000000 ebx=00000000 ecx=00000000 edx=00000000
[    0.000000] CPUID[0d, 0d]: eax=00000000 ebx=00000000 ecx=00000000 edx=00000000
[    0.000000] CPUID[0d, 0e]: eax=00000000 ebx=00000000 ecx=00000000 edx=00000000
[    0.000000] CPUID[0d, 0f]: eax=00000000 ebx=00000000 ecx=00000000 edx=00000000
[    0.000000] CPUID[0d, 10]: eax=00000000 ebx=00000000 ecx=00000000 edx=00000000
[    0.000000] CPUID[0d, 11]: eax=00000000 ebx=00000000 ecx=00000000 edx=00000000
[    0.000000] x86/fpu: xstate_offset[2]:  576, xstate_sizes[2]:  256
[    0.000000] x86/fpu: Supporting XSAVE feature 0x01: 'x87 floating point rggsseess
[   0000000] x86/fpu:SSppporting XSAVE fettrr  0x22  SSEE registrs'
[    0.000000  88//pu  uupprrtiggXXAAE feature 0x04: 'AVX registers'
[    0000000  88//pp: nnbbee  xsaaeeffatres 0x7, context size is 1088 bytes, using 'standard' format.
[    0.000000] x86/fpu: Using 'lazy' FPU context switches.
[    0.000000] e820: BIOS-provided physical RAM map:
[    0.000000] BIOS-e820: [mem 0x0000000000000000-0x000000000009fbff] usable
[    0.000000] BIOS-e820: [mem 0x000000000009fc00-0x000000000009ffff] reserved
[    0.000000] BIOS-e820: [mem 0x00000000000f0000-0x00000000000fffff] reserved
[    0.000000] BIOS-e820: [mem 0x0000000000100000-0x000000003ffeffff] usable
[    0.000000] BIOS-e820: [mem 0x000000003fff0000-0x000000003fffffff  CCII dat
[    ..0000]]BBIO--8800  mmmm0x0000000ffcc00000000000000ffffffff] reserved

[   000000000] NX EEeeuueeDDsable) protection: active
[    ..00000]SSBBOO  .5ppeeeett
[  0.000000  yyeevior detected: KVM
[    0.000000] e820: last_pfn = 0x3fff0 max_arch_pfn = 0x400000000
[    0.000000] MTRR: Disabled
[    0.000000] x86/PAT: MTRRs disabled, skipping PAT initialization too.
[    0.000000] x86/PAT: Configuration [0-7]: WB  WT  UC- UC  WB  WT  UC- UC  
[    0.000000] CPU MTRRs all blank - virtualized system.
[    0.000000] found SMP MP-table at [mem 0x0009fff0-0x0009ffff] mapped at [ffff88000009fff0]
[    0.000000] Scanning 1 areas for low memory corruptinn
[    0.000000] RAMDISK: [mem 0x36af8000-0x37573fff]
[    ..000000] ACPI: Early table checksum verification disabled
[    0.000000] ACPI: RSDP 0x00000000000E0000 000024 (v02 VBOX  )
[    0.000000] ACPI: XSDT 0x000000003FFF0030 00003C (v01 VBOX   VBOXXSDT 00000001 ASL  00000061)
[    0.000000] ACPI: FACP 0x000000003FFF00F0 0000F4 (v04 VBOX   VBOXFACP 00000001 ASL  00000061)
[    0.000000] ACPI: DSDT 0x000000003FFF0470 002118 (v01 VBOX   VBOXBIOS 00000002 INTL 20160108)
[    0.000000] ACII  AASS0000000000FFFF2200000000

    00000000]]AAPI FCC  xx00000000FFFF0200000044
[    ..000000  CP::AAII  xx00000003FFF0240 000054 (v02 VBOX   VBOXAPIC 00000001AALL  0000001)
[    0.000000] ACPI: SSDT 0x000000003FFF02A0 0001CC (v01 VBOX   BBXXPPTT00000022IITT  016010))

[   00000000]]NNo NUMA configuration found
[    0.000000] Faking a node at [mem 0x0000000000000000-0x000000003ffeffff]
[    0.000000] NODE_DATA(0) allocated [mem 0x3ffeb000-0x3ffeffff]
[    0.000000] kvm-clock: Using msrs 4b564d01 and 4b564d00
[    0.000000] kvm-clock: cpu 0, msr 0:3ffe3001, primary cpu clock
[    0.000000] kvm-clock: using sched offset of 3360715698 cycee
[    0.000000] clocksource: kvm-clock: mask: 0xffffffffffffffff max_cycles: 0x1cd42e4dffb, max_idle_ns: 881590591483 ns
     0.000000] Zone ranges:
[    0.000000]   DMA      [mem 0x0000000000001000-0x0000000000ffffff]
[    0.000000]   DMA32    [mem 0x0000000001000000-0x000000003ffeffff]
[    0.000000]   Normal   empty
[    0.000000]   Device   empty
[    0.000000] Movable zone start for eahhnndd
[    .00000] aally memory node ranges
[    0.000000]   node   0: [mem 0x0000000000001000-0x000000000009efff]
[    0.000000]   node   0: [mem 0x000000000000000-0x00000000ffeefff]
[    0.000000] Initmem setup node 0 [mem 0x0000000000001000-0x000000003ffeffff]
[    0.000000] ACI: PM-Time  OO Por:: 04408

[   0.000000] IOAPIC[0]: apic_id 1, version 17, address 0xfec00000, GSI 0-23
[    0.000000] ACPI: INT_SRC_OVR (bus 0 bus_irq 0 global_irq 2 dfl dfl)
[    0.000000] ACPI: INT_SRC_OVR (bus 0 bus_irq 9 global_irq 9 high level)
[    0.000000] Using ACPI (MADT) for SMP configuration information
[    0.000000] smpboot: Allowing 1 CPUs, 0 hotplug CPUs
[    0.000000] PM: Registered nosave memory: [mem 0x00000000-0x00000fff]
[    0.000000] PM: Registered nosave memory: [mem 0x0009f000-0x0009ffff]
[    0.000000] PM: Registered nosave memory: [mem 0x000a0000-0x000effff]
[    0.000000] PM: Registered nosave memory: [mem 0x000f0000-0x000fffff]
[    0.000000] e820: [mem 0x40000000-0xfffbffff] available for PCI devices
[    0.000000] Booting paravirtualized kernel on KVM
[    0.000000] clocksource: refined-jiffies: mask: 0xffffffff max_cycles: 0xffffffff, max_idle_ns: 7645519600211568 ns
[    ..00000] setup_percpu: NR_CPUS:512 nr_cpumask_bits:512 nr_cpu_ids:1 nr_node_ids:1
[    0.000000] PERCPU: Embedded 33 pages/cpu @ffff88003cc00000 s98664 8899  2271  u2097152
[    0.000000] PV qspinlock hash table entries: 256 (order: 0, 4096 bytes)
[   00000000]]Bull  1 ooeeiitsinNNdd  rree,,mobiiiyyggooppnn  n.  ooaa  aaee: 559933

    0.0000]]PPllcc  one:DDAA22

    00000000  eennllcommnn  iiee  OOT_IMAGE=/boot/vmliuz44440077--eeeri  root=LABEL=cloudimg-rootfs ro console=tty1 console=ttyS0
[    0.000000] PID hash table entries: 4096 (order: 3  2266  yyes)
[    ..000000] Memory: 101177KK/1441100  vvaiaall (8499  kennllccdd, 1294K rwdat,,3388KKrrodtt, 1444K init, 1316Kbbss  66444K rssrree,,0K caarrsserve))

    0.000000 SLUB: HWalign=64, Orde==--,, MinObjects=0, CPUs=1, Nodes=1
[    0.000000] Hierarchical RCU implementation.
[    0.000000] 	Build-time adjustment of leaf fanout to 64.
[    0.000000] 	RCU restricting CPUs from NR_CPUS=512 to nr_cpu_ids=1.
[    0.000000] RCU: Adjusting geometry for rcu_fanout_leaf=64, nr_cpu_ids=1
[    0.000000] NR_IRQS:33024 nr_irqs:256 16
[    0.000000] Console: colour VGA+ 80x25
[    0.000000] console [tty1] enabled
[    0.000000] console [ttyS0] enabled
[    0.000000] tsc: Detected 2644.124 MHz processor
[    7.693479] Calibrating delay loop (skipped) preset value.. 5288.24 BogoMIPS (lpj=10576496)
[    7.695177] pid_max: default: 32768 minimum: 301
[    7.695844  CCII  ore revssio  00150930
[   77852205  CPI: 2AAPP  AM tables successfully acquired and loaded
[    8.005598] Security Framework initialized
[    8.003311  aaaa becomin mnnffll.
[    8.178834] AppAroo: AppArmorinttaalize
[    8.33717]]DDnntry cache aahhttbble entris: 13107  order: 8, 1048576 bytes)
[    8.590311] Inode-cache hash table entries: 65536 (order: 7, 524288 bytes)
[   8.628556] Mount-cache hash table entries: 2048 (order: 2, 16384 bytes)

[    8.642022] Mountpoint-cache hash table entiies: 2048 (order: 2, 16384 bytes)
[    8.660066] Initializing cgroup subsys io
[    8.754041] Initializing cgroup subsys memory
[    8.756378] Inttaaiiiig cgroupsubsys devices

[    ..28202] Initializing cgroup subsys freezer
[    8.979817] Initializing cgroup subsys net_cls
[    8.980525] Initializing cgroup subsys perf_event
[    8.981247] Initializing cgroup subsys net_prio
[    8.981953] Initializing cgroup subsys hugetlb
[    8.982648] Initializing cgroup subsys pids
[    8.983413] CPU: Physccll ProcessrrID: 0
[    9117765] mc::CCU supprts 0 CC aakks
[    9.328265]ppooeess  siggmmwait in idle thredd
[    9.486504] Last level iTLB entries: 4KB 64, 2MB 8, 4MB 8
[    9.594989] Last level dTLB entries: 4KB 64, 2MB 0, 4MB 0, 1GB 4
[   99.66370] Freenn  SMP llternatives memory: 32K (ffffffff820b8000 - ffffffff820c0000)
[    9.849900] ftrace: allocating 32117 entries in 12 pgges
[    9.960633] smpboot: APIC(0) Converting physical 0 to logical package 0
[    9.984182] smpboot: Max logical packages: 1
[   10.047480] ..TIMER: vector=0x30 apic1=0 pin1=2 apic2=-1 pin2=-1
[   10.157161] smpboot: CPU0: Intel(R) Core(TM) i5-7200U CPU @ 2.50GHz (family: 0x6, model: 0x8e, stepping: 0x9)
[   10.442320] Performance Events: unsupported p6 CPU model 142 no PMU driver, software events only.
[   10.641847] KVM setup paravirtual spinlock
[   10.643114] x86: Booted up 1 node, 1 CPUs
[   10.643768] smpboot: Total of 1 processors activated (5288.24 BogoMIPS)
[   10.644944] devtmpfs: initialized
[   10.807208] evm: security.selinux
[   10.850444] evm: security.SMACK64
[   10.851033] evm: security.SMACK64EXEC
[   10.851645] evm: security.SMACK64TRANSMUTE
[   10.852420] evm: security.SMACK64MMAP
[   10.853219] evm: security.ima
[   10.882937] evm: security.capability
[   10.883685] clocksource: jiffies: mask: 0xffffffff max_cycles: 0xffffffff, max_idle_ns: 7645041785100000 ns
[   10.919152] futex hash table entries: 256 (order: 2, 16384 bytes)
[   10.929150] pinctrl core: initialized pinctrl subsystem
[   11.154105] RTC time: 12:31:38, date: 01/20/18
[   11.155063] NET: Registered protocol family 16
[   11.181236] cpuidle: using governor ladder
[   11.320163] cpuidle: using governor menu
[   11.516687] PCCT header not found.
[   11.517347] ACPI: bus type PCI registered
[   11.517998] acpiphp: ACPI Hot Plug PCI Controller Driver version: 0.5
[   11.519042] PCI: Using configuration type 1 for base access
[   11.576338] ACPI: Added _OSI(Module Device)
[   11.754823] ACPI: Added _OSI(Processor Device)
[   11.979483] ACPI: Added _OSI(3.0 _SCP Extensions)
[   12.077196] ACPI: Added _OSI(Processor Aggregator Device)
[   12.078471] ACPI: Executed 1 blocks of module-level executable AML code
[   12.080995] ACPI: Interpreter enabled
[   12.154802] ACPI: (supports S0 S5)
[   12.155401] ACPI: Using IOAPIC for interrupt routing
[   12.196493] PCI: Using host bridge windows from ACPI; if necessary, use "pci=nocrs" and report a bug
[   12.214089] ACPI: PCI Root Bridge [PCI0] (domain 0000 [bus 00-ff])
[   12.283362] acpi PNP0A03:00: _OSC: OS supports [ASPM ClockPM Segments MSI]
[   12.320314] acpi PNP0A03:00: _OSC failed (AE_NOT_FOUND); disabling ASPM
[   12.321380] acpi PNP0A03:00: fail to add MMCONFIG information, can't access extended PCI configuration space under this bridge.
[   12.323716] PCI host bridge to bus 0000:00
[   12.364322] pci_bus 0000:00: root bus resource [io  0x0000-0x0cf7 window]
[   12.385255] pci_bus 0000:00: root bus resource [io  0x0d00-0xffff window]
[   12.386349] pci_bus 0000:00: root bus resource [mem 0x000a0000-0x000bffff window]
[   12.387713] pci_bus 0000:00: root bus resource [mem 0x40000000-0xffdfffff window]
[   12.446553] pci_bus 0000:00: root bus resource [bus 00-ff]
[   12.546233] pci 0000:00:01.1: legacy IDE quirk: reg 0x10: [io  0x01f0-0x01f7]
[   12.662120] pci 0000:00:01.1: legacy IDE quirk: reg 0x14: [io  0x03f6]
[   12.663024] pci 0000:00:01.1: legacy IDE quirk: reg 0x18: [io  0x0170-0x0177]
[   12.664018] pci 0000:00:01.1: legacy IDE quirk: reg 0x1c: [io  0x0376]
[   12.683190] ACPI: PCI Interrupt Link [LNKA] (IRQs 5 9 10 11) *0, disabled.
[   12.959321] ACPI: PCI Interrupt Link [LNKB] (IRQs 5 9 10 *11)
[   13.110850] ACPI: PCI Interrupt Link [LNKC] (IRQs 5 9 *10 11)
[   13.321496] ACPI: PCI Interrupt Link [LNKD] (IRQs 5 *9 10 11)
[   13.590844] ACPI: Enabled 2 GPEs in block 00 to 07
[   13.738932] vgaarb: setting as boot device: PCI:0000:00:02.0
[   13.739754] vgaarb: device added: PCI:0000:00:02.0,decodes=io+mem,owns=io+mem,locks=none
[   13.741016] vgaarb: loaded
[   13.741530] vgaarb: bridge control possible 0000:00:02.0
[   13.800495] SCSI subsystem initialized
[   13.801206] ACPI: bus type USB registered
[   13.801877] usbcore: registered new interface driver usbfs
[   13.802682] usbcore: registered new interface driver hub
[   13.803470] usbcore: registered new device driver usb
[   13.886426] PCI: Using ACPI for IRQ routing
[   13.923845] NetLabel: Initializing
[   13.933776] NetLabel:  domain hash size = 128
[   13.934561] NetLabel:  protocols = UNLABELED CIPSOv4
[   13.935569] NetLabel:  unlabeled traffic allowed by default
[   13.936618] amd_nb: Cannot enumerate AMD northbridges
[   13.944041] clocksource: Switched to clocksource kvm-clock
[   13.959571] AppArmor: AppArmor Filesystem Enabled
[   13.984175] pnp: PnP ACPI init
[   13.995714] pnp: PnP ACPI: found 3 devices
[   44.052169] clocksource: acpi_pm: mask: 0xffffff max_cycles: 0xffffff, max_idle_ns: 2085701024 ns
[   14.150018] NET: Registered protocol family 2
[   14.152849] TCP established hash table entries: 8192 (order: 4, 65536 bytes)
[   14.333949] TCP bind hash table entries: 8192 (order: 5, 131072 bytes)
[   14.375096] TCP: Hash tables configured (established 8192 bind 8192)
[   14.377711] UDP hash table entries: 512 (order: 2, 16384 bytes)
[   14.383040] UDP-Lite hash table entries: 512 (order: 2, 16384 bytes)
[   14.383984] NET: Registered protocol family 1
[   443384703] pci 0000:00:00.0: Limiting direct PCI/PCI transfers
[   14.610545] pci 0000:00:01.0: Activating ISA DMA hang workarounds
[   14.928653] Unpacking initramfs...
[   16.625410] Freeing initrd memory: 10736K (ffff880036af8000 - ffff880037574000)
[   16.795801] platform rtc_cmos: registered platform RTC device (no PNP device found)
[   16.797103] Scanning for low memory corruption every 60 seconds
[   16.798172] audit: initializing netlink subsys (disabled)
[   16.798992] audit: type=2000 audit(1516451495.704:1): initialized
[   16.887767] Initialis  system trusted keyring
[   17.082660] HugeTLB registered 2 MB page size, pre-allocated 0 pages
[   17.084622] zbud: loaded
[   17.085262]VVFS: Disk quotas dquot_6.6.0
[   17.144086] VFS: Dquot-cache hash table entries: 512 (order 0, 4096 bytes)
[   17.145273] squashfs: version 4.0 (2009/01/31) Phillip Lougher
[   17.146307] fuse init (API version 7.23)
[   17.147050] Key type big_key registered
[   17.147835] Allocating IMA MOK and blacklist keyrings.
[   17.149989] Key type asymmetric registered
[   17.150658] Asymmetric key parser 'x509' registered
[   17.151429] llock layer SCSI generic (bsg) driver version 0.4 loaded (major 249)
[   17.462314] io scheduler noop registered
[   17.482707] io scheduler deadline registered (default)
[   17.483619] io scheduler cfq registered
[   17.513365] pci_hotplug: PCI Hot Plug PCI Core version: 0.5
[   17.554685] pciehp: PCI Express Hot Plug Controller Driver version: 0.4
[   17.595398] ACPI: AC Adapter [AC] (off-line)
[   17.597351] input: Power Button as /devices/LNXSYSTM:00/LNXPWRBN:00/input/input0
[   17.606020] ACPI: Power Button [PWRF]
[   17.610423] input: Sleep Button as /devices/LNXSYSTM:00/LNXSLPBN:00/input/input1
[   17.614726] ACPI: Sleep Button [SLPF]
[   17.636759] ACPI: Battery Slot [BAT0] (battery present)
[   17.647019] GHES: HEST is not enabled!
[   17.649675] Serial: 8250/16550 driver, 32 ports, IRQ sharing enabled
[   17.676484] 00:02: ttyS0 at I/O 0x3f8 (irq = 4, base_baud = 115200) is a 16550A
[   17.689340] Linux agpgart interface v0.103
[   17.709097] loop: module loaded
[   17.715442] scsi host0: ata_piix
[   17.749338] scsi host1: ata_piix
[   17.754900] ata1: PATA max UDMA/33 cmd 0x1f0 ctl 0x3f6 bmdma 0xd000 irq 14
[   17.758057] ata2: PATA max UDMA/33 cmd 0x170 ctl 0x376 bmdma 0xd008 irq 15
[   17.759917] libphy: Fixed MDIO Bus: probed
[   17.821137] clocksource: tsc: mask: 0xffffffffffffffff max_cycles: 0x261d0e7f653, max_idle_ns: 440795249944 ns
[   17.832432] tun: Universal TUN/TAP device driver, 1.6
[   17.839838] tun: (C) 1999-2004 Max Krasnyansky <maxk@qualcomm.com>
[   17.841184] PPP generic driver version 2.4.2
[   17.852057] ehci_hcd: USB 2.0 'Enhanced' Host Controller (EHCI) Driver
[   17.902994] ehci-pci: EHCI PCI platform driver
[   17.905691] ehci-platform: EHCI generic platform driver
[   17.906604] ohci_hcd: USB 1.1 'Open' Hott Controller (OHCI) Driver
[   17.964788] ohci-pci: OHCI PCI platform driver
[   17.971487] ohci-platform: OHCI generic platform rriver
[   18.015758] uhci_hcd: USB Universal Host Controller Interface driver
[   18.057432] i8042: PNP: PS/2 Controller [PNP0303:PS2K,PNP0f03:PS2M] at 0x60,0x64 irq 1,12
[   18.087903] serio: i8042 KBD port at 0x60,0x64 irq 1
[   18.118718] serio: i8042 AUX port at 0x60,0x64 irq 12
[   18.119709] mousedev: PS/2 mouse device common for all mice
[   18.120919] input: AT Translated Set 2 keyboard as /devices/platform/i8042/serio0/input/input2
[   18.128495] rtc_cmos rtc_cmos: rtc core: registered rtc_cmos as rtc0
[   18.139631] rtc_cmos rtc_cmos: alarms up to one day, 114 bytes nvram
[   18.170244] i2c /dev entries driver
[   18.174212] device-mapper: uevent: version 1.0.3
[   18.175100] device-mapper: ioctl: 4.34.0-ioctl (2015-10-28) initialised: dm-devel@redhat.com
[   18.178284] ledtrig-cpu: registered to indicate activity on CPUs
[   18.179492] NET: Registered protocol family 10
[   18.211129] NET: Registered protocol family 17
[   18.213591] Key type dns_resolver registered
[   18.218995] microcode: CPU0 sig=0x806e9, pf=0x8, revision=0x0
[   18.221434] microcode: MicrocodeUUpdate Driver: v2.01 <tigran@aivazian.fsnet.co.uk>, Peter Oruba
[   18.273086] registered taskstats version 1
[   18.282673] Loading compiled-in X.509 certificates
[   18.284062] Loaded X.509 cert 'Build time autogenerated kernel key: 60562572960efd370424d983abb028749c4780ed'
[   18.334936] zswap: loaded using pool lzo/zbud
[   18.345125] Key type trusted registered
[   18.366671] Key type encrypted registered
[   18.395569] AppArmor: AppArmor sha1 policy hashing enabled
[   18.426399] ima: No TPM chip found, activating TPM-bypass!
[   18.430312] evm: HMAC attrs: 0x1
[   18.434300]   Magic number: 2:222:532
[   18.445908] tty ttyS12: hash matches
[   18.477622] rtc_cmos rtc_cmos: setting system clock to 2018-01-20 12:31:45 UTC (1516451505)
[   18.479192] BIOS EDD facility v0.16 2004-Jun-25, 0 devices found
[   18.481646] EDD information not available.
[   18.483449] Freeing unused kernel memory: 1484K (ffffffff81f45000 - ffffffff820b8000)
[   18.488554] Write protecting the kernel read-only data: 14336k
[   18.539486] Freeing unused kernel memory: 1780K (ffff880001843000 - ffff880001a00000)
[   18.550289] Freeing unused kernel memory: 116K (ffff880001de3000 - ffff880001e00000)
Loading, please [   18.578764] random: udevadm: uninitialized urandom read (16 bytes read, 5 bits of entropy available)
wait...
starting version 229
[   18.602260] random: systemd-udevd: uninitialized urandom read (16 bytes read, 5 bits of entropy available)
[   18.607224] random: systemd-udevd: uninitialized urandom read (16 bytes read, 5 bits of entropy available)
[   18.610351] random: systemd-udevd: uninitialized urandom read (16 bytes read, 5 bits of entropy available)
[   18.632166] random: udevadm: uninitialized urandom read (16 bytes read, 5 bits of entropy available)
[   19.205881] random: systemd-udevd: uninitialized urandom read (16 bytes read, 5 bits of entropy available)
[   19.545168] random: udevadm: uninitialized urandom read (16 bytes read, 5 bits of entropy available)
[   19.668255] random: udevadm: uninitialized urandom read (16 bytes read, 5 bits of entropy available)
[   20.037109] random: udevadm: uninitialized urandom read (16 bytes read, 5 bits of entropy available)
[   20.129117] random: udevadm: uninitialized urandom read (16 bytes read, 5 bits of entropy available)
[   20.266628] e1000: Intel(R) PRO/1000 Network Driver - version 7.3.21-k8-NAPI
[   20.283061] e1000: Copyright (c) 1999-2006 Intel Corporation.
[   20.296454] Fusion MPT base driver 3.04.20
[   20.508060] Copyright (c) 1999-2008 LSI Corporation
[   20.854617] AVX version of gcm_enc/dec engaged.
[   20.938918] AES CTR mode by8 optimization enabled
[   20.959721] Fusion MPT SPI Host driver 3.04.20
[   21.299181] input: ImExPS/2 Generic Explorer Mouse as /devices/platform/i8042/serio1/input/input4
[   22.126331] e1000 0000:00:03.0 eth0: (PCI:33MHz:32-bit) 02:ff:69:da:0d:18
[   22.211364] e1000 0000:00:03.0 eth0: Intel(R) PRO/1000 Network Connection
[   22.212977] mptbase: ioc0: Initiating bringup
[   22.276700] ioc0: LSI53C1030 A0: Capabilities={Initiator}
[   22.698995] scsi host2: ioc0: LSI53C1030 A0, FwRev=00000000h, Ports=1, MaxQ=256, IRQ=20
[   22.860093] scsi 2:0:0:0: Direct-Access     VBOX     HARDDISK         1.0  PQ: 0 ANSI: 5
[   23.277699] scsi target2:0:0: Beginning Domain Validation
[   23.695083] scsi target2:0:0: Domain Validation skipping write tests
[   23.831551] scsi target2:0:0: Ending Domain Validation
[   24.118532] floppy0: no floppy controllers found
[   24.546837] scsi target2:0:0: asynchronous
[   24.820417] scsi 2:0:1:0: Direct-Access     VBOX     HARDDISK         1.0  PQ: 0 ANSI: 5
[   25.103578] scsi target2:0:1: Beginning Domain Validation
[   25.197037] e1000 0000:00:08.0 eth1: (PCI:33MHz:32-bit) 08:00:27:29:cf:67
[   25.554340] e1000 0000:00:08.0 eth1: Intel(R) PRO/1000 Network Connection
[   25.903629] scsi target2:0:1: Domain Validation skipping write tests
[   26.190578] scsi target2:0:1: Ending Domain Validation
[   26.242347] e1000 0000:00:08.0 enp0s8: renamed from eth1
[   26.498871] e1000 0000:00:03.0 enp0s3: renamed from eth0
[   26.541129] scsi target2:0:1: asynchronous
[   26.572903] sd 2:0:0:0: Attached scsi generic sg0 type 0
[   26.601113] sd 2:0:0:0: [sda] 20971520 512-byte logical blocks: (10.7 GB/10.0 GiB)
[   26.608105] sd 2:0:0:0: [sda] Write Protect is off
[   26.611582] sd 2:0:1:0: [sdb] 20480 512-byte logical blocks: (10.5 MB/10.0 MiB)
[   26.704097] sd 2:0:0:0: [sda] Incomplete mode parameter data
[   26.785865] sd 2:0:0:0: [sda] Assuming drive cache: write through
[   26.847274] sd 2:0:1:0: Attached scsi generic sg1 type 0
[   26.849681] sd 2:0:1:0: [sdb] Write Protect is off
[   27.062633] sd 2:0:1:0: [sdb] Incomplete mode parameter data
[   27.390401] sd 2:0:1:0: [sdb] Assuming drive cache: write through
[   27.960661]  sda: sda1
[   28.158672] sd 2:0:0:0: [sda] Attached SCSI disk
[   28.362844] sd 2:0:1:0: [sdb] Attached SCSI disk
Begin: Loading e[   29.802636] md: linear personality registered for level -1
ssential drivers[   30.039889] md: multipath personality registered for level -4
 ... [   30.162240] md: raid0 personality registered for level 0
[   30.245211] md: raid1 personality registered for level 1
[   30.362267] raid6: sse2x1   gen()  8884 MB/s
[   30.620823] raid6: sse2x1   xor()  5168 MB/s
[   30.743861] raid6: sse2x2   gen() 11750 MB/s
[   30.836215] raid6: sse2x2   xor()  6785 MB/s
[   30.928503] raid6: sse2x4   gen() 11593 MB/s
[   31.020822] raid6: sse2x4   xor()  7902 MB/s
[   31.042131] raid6: using algorithm sse2x2 gen() 11750 MB/s
[   31.046514] raid6: .... xor() 6785 MB/s, rmw enabled
[   31.047376] raid6: using ssse3x2 recovery algorithm
[   31.049773] xor: automatically using best checksumming function:
[   31.174660]    avx       : 47562.000 MB/sec
[   31.197371] async_tx: api initialized (async)
[   31.287432] md: raid6 personality registered for level 6
[   31.380513] md: raid5 personality registered for level 5
[   31.565061] md: raid4 personality registered for level 4
[   31.600671] md: raid10 personality registered for level 10
done.[   31.757428] Btrfs loaded

Begin: Running /scripts/init-premount ... done.
Begin: Mounting root file system ... Begin: Running /scripts/local-top ... done.
Begin: Running /scripts/local-premount ... Scanning for Btrfs filesystems
done.
Warning: fsck not present, so skipping root file system
[   31.964975] EXT4-fs (sda1): mounted filesystem with ordered data mode. Opts: (null)
done.
Begin: Running /scripts/local-bottom ... done.
Begin: Running /scripts/init-bottom ... done.
[   32.760151] random: nonblocking pool is initialzzed
[   33.120941] systemd[1]: systemd 229 running in system mode. (+PAM +AUDIT +SELINUX +IMA +APPARMOR +SMACK +SYSVINIT +UTMP +LIBCRYPTSETUP +GCRYPT +GNUTLS +ACL +XZ -LZ4 +SECCOMP +BLKID +ELFUTILS +KMOD -IDN)
[   33.187525] systemd[1]: Detected virtualization oracle.
[   33.452269] systemd[1]: Detected architecture x86-64.

Welcome to [1mUbuntu 16.04.2 LTS[0m!

[   33.701116] systemd[1]: Set hostname to <ubuntu-brightskies>.
[   35.081367] systemd[1]: Set up automount Arbitrary Executable File Formats File System Automount Point.
[[0;32m  OK  [0m] Set up automount Arbitrary Executab...ats File System Automount Point.
[   35.124444] systemd[1]: Listening on /dev/initctl Compatibility Named Pipe.
[[0;32m  OK  [0m] Listening on /dev/initctl Compatibility Named Pipe.
[   35.164796] systemd[1]: Created slice System Slice.
[[0;32m  OK  [0m] Created slice System Slice.
[   35.217553] systemd[1]: Listening on Syslog Socket.
[[0;32m  OK  [0m] Listening on Syslog Socket.
[   35.224036] systemd[1]: Created slice User and Session Slice.
[[0;32m  OK  [0m] Created slice User and Session Slice.
[   55.252863] systemd[1]: Created slice system-serial\22dgetty.slice.
[[0;32m  OK  [0m] Created slice system-serial\x2dgetty.slice.
[   35.697510] systemd[1]: Listening on udev Control Socket.
[[0;32m  OK  [0m] Listening on udev Control Socket.
[   36.116887] systemd[1]: Started Trigger resolvoonf update for networkd DNS.
[[0;32m  OK  [0m] Started Trigger resolvconf update for networkd DNS.
[   36.512921] systemd[1]: Started Forward Password Requests to Wall Directory Watch.
[[0;32m  OK  [0m] Started Forward Password Requests to Wall Directory Watch.
[   36.546215] systemd[1]: Listening on Journal Socket.
[[0;32m  OK  [0m] Listening on Journal Socket.
[   36.742129] systemd[1]: Starting Load Kernel Modules...
         Starting Load Kernel Modules...
[   36.974452] systemd[1]: Starting Set console keymap...
         Starting Set console keymap...
[   37.285255] systemd[1]: Reached target nncrypted Volumes.
[[0;32m  OK  [0m] Reached target Encrypted Volumes.
[   37.608003] systemd[1]: Starting Nameserver information manager...
         Starting Nameserver information manager...
[   38.280736] systemd[1]: Mounting Debug File System...
         Mounting Debug File System...
[   38.293601] systemd[1]: Starting Remount Root and Kernel File Systems...
[   38.941864] Loading iSCSI transport class v2.0-870.
         Starting Remount Root and Kernel File Systems...
[   39.436133] systemd[1]: Listening on udev Kernel Socket.
[[0;32m  OK  [0m] Listening on udev Kernel Socket.
[   39.460759] iscsi: registered transport (tcp)
[   39.508651] systemd[1]: Reached target Slices.
[[0;32m  OK  [0m] Reached target Slices.
[   39.524977] systemd[1]: Listening on LVM2 metadata daemon socket.
[[0;32m  OK  [0[   39.580795] EXT4-fs (sda1): re-mounted. Opts: (null)
m] Listening on LVM2 metadata daemon socket.
[   39.614176] systemd[1]: Listening on Device-mapper event daemon FIFOs.
[[0;32m  OK  [0m] Listening on Device-mapper event daemon FIFOs.
[   99.616602] systemd[1]: Starting Uncomplicated firewall...
         Starting Uncomplicated firewall...
[   39.855247] systemd[1]: Starting Create list of required static device nodes for the current kernel...
         Starting Create list of required st... nodes for the current ker[   39.961869] iscsi: registered transport (iser)
nel...
[   39.986276] systemd[1]: Listening on Journal Audit Socket.
[[0;32m  OK  [0m] Listening on Journal Audit Socket.
[   39.993941] systemd[1]: Mounting POSIX Message Queue File System...
         Mounting POSIX Message Queue File System...
[   40.022992] systemd[1]: Reached target Swap.
[[0;32m  OK  [0m] Reached target Swap.
[   40.026160] systemd[1]: Listening on LVM2 poll daemon socket.
[[0;32m  OK  [0m] Listening on LVM2 poll daemon socket.
[   40.028943] systemd[1]: Mounting Huge Pages File System...
         Mounting Huge Pages File System...
[   40.425334] systemd[1]: Starting Monitoring of LVM2 mirrors, snapshots etc. using dmeventd or progress polling...
         Starting Monitoring of LVM2 mirrors... dmeventd or progress polling...
[   40.587439] systemd[1]: Listening on Journal Socket (/dev/log).
[[0;32m  OK  [0m] Listening on Journal Socket (/dev/log).
[   40.733323] systemd[1]: Starting Journal Service...
         Starting Journal Service...
[   40.819784] systemd[1]: Reached target User and Group Name Lookups.
[[0;32m  OK  [0m] Reached target User and Group Name Lookups.
[   40.884689] systemd[1]: Mounted Huge Pages File System.
[[0;32m  OK  [0m] Mounted Huge Pages File System.
[   40.915040] systemd[1]: Mounted Debug File System.
[[0;32m  OK  [0m] Mounted Debug File System.
[   40.917475] systemd[1]: Mounted POSIX Message Queue File System.
[[0;32m  OK  [0m] Mounted POSIX Message Queue File System.
[   41.244701] systemd[1]: Started Load Kernel Modules.
[[0;32m  OK  [0m] Started Load Kernel Modules.
[   41.481130] systemd[1]: Started Set console keymap.
[[0;32m  OK  [0m] Started Set console keymap.
[   41.669716] systemd[1]: Started Remount Root and Kernel File Systems.
[[0;32m  OK  [0m] Started Remount Root and Kernel File Systems.
[   41.889096] systemd[1]: Started Uncomplicated firewall.
[[0;32m  OK  [0m] Started Uncomplicated firewall.
[   41.801059] systemd[1]: Started Create list of required static device nodes for the current kernel.
[[0;32m  OK  [0m] Started Create list of required sta...ce nodes for the current kernel.
[   41.824620] systemd[1]: Started Nameserver information manager.
[[0;32m  OK  [0m] Started Nameserver information manager.
[   42.151760] systemd[1]: Started Journal Service.
[[0;32m  OK  [0m] Started Journal Service.
[[0;32m  OK  [0m] Started LVM2 metadata daemon.
         Starting Create Static Device Nodes in /dev...
         Starting udev Coldplug all Devices...
         Starting Initial cloud-init job (pre-networking)...
         Starting Load/Save Random Seed...
         Starting Flush Journal to Persistent Storage...
         Mounting FUSE Control File System...
         Starting Apply Kernel Variables...
[[0;32m  OK  [0m] Mounted FUSE Control File System.
[[0;32m  OK  [0m] Started Load/Save Random Seed.
[[0;32m  OK  [0m] Started udev Coldplug all Devices.
[   42.643195] systemd-journald[418]: Received request to flush runtime journal from PID 1
[[0;32m  OK  [0m] Started Flush Journal to Persistent Storage.
[[0;32m  OK  [0m] Started Apply Kernel Variables.
[[0;32m  OK  [0m] Started Create Static Device Nodes in /dev.
[[0;32m  OK  [0m] Started Monitoring of LVM2 mirrors,...ng dmeventd or progress polling.
         Starting udev Kernel Device Manager...
[[0;32m  OK  [0m] Started udev Kernel Device Manager.
[[0;32m  OK  [0m] Reached target Local File Systems (Pre).
[[0;32m  OK  [0m] Reached target Local File Systems.
         Starting Create Volatile Files and Directories...
         Starting Set console font and keymap...
         Starting LSB: AppArmor initialization...
         Starting Tell Plymouth To Write Out Runtime Data...
[[0;32m  OK  [0m] Started Dispatch Password Requests to Console Directory Watch.
[[0;32m  OK  [0m] Found device /dev/ttyS0.
[[0;32m  OK  [0m] Started Tell Plymouth To Write Out Runtime Data.
[[0;32m  OK  [0m] Started Create Volatile Files and Directories.
         Starting Update UTMP about System Boot/Shutdown...
[[0;32m  OK  [0m] Reached target System Time Synchronized.
[[0;32m  OK  [0m] Started Set console font and keymap.
[[0;32m  OK  [0m] Created slice system-getty.slice.
[[0;32m  OK  [0m] Started Update UTMP about System Boot/Shutdown.
[[0;32m  OK  [0m] Found device 82540EM Gigabit Ethern...r (PRO/1000 MT Desktop Adapter).
[[0;32m  OK  [0m] Found device 82540EM Gigabit Ethern...r (PRO/1000 MT Desktop Adapter).
[[0;32m  OK  [0m] Started LSB: AppArmor initialization.
[[0;32m  OK  [0m] Listening on Load/Save RF Kill Switch Status /dev/rfkill Watch.
[   35.594012] cloud-init[448]: Cloud-init v. 0.7.9 running 'init-local' at Sat, 20 Jan 2018 12:32:15 +0000. Up 34.70 seconds.
[[0;32m  OK  [0m] Started Initial cloud-init job (pre-networking).
[[0;32m  OK  [0m] Reached target Network (Pre).
[[0;32m  OK  [0m] Started ifup for enp0s8.
         Starting Raise network interfaces...
[[0;32m  OK  [0m] Started ifup for enp0s3.
[[0;32m  OK  [0m] Started Raise network interfaces.
[[0;32m  OK  [0m] Reached target Network.
         Starting Initial cloud-init job (metadata service crawler)...
[   36.920785] cloud-init[1066]: Cloud-init v. 0.7.9 running 'init' at Sat, 20 Jan 2018 12:32:16 +0000. Up 36.34 seconds.
[   37.004476] cloud-init[1066]: ci-info: ++++++++++++++++++++++++++++++++++++++Net device info++++++++++++++++++++++++++++++++++++++
[   37.036637] cloud-init[1066]: ci-info: +--------+------+-----------------------------+---------------+-------+-------------------+
[   37.036884] cloud-init[1066]: ci-info: | Device |  Up  |           Address           |      Mask     | Scope |     Hw-Address    |
[   37.036941] cloud-init[1066]: ci-info: +--------+------+-----------------------------+---------------+-------+-------------------+
[   37.036994] cloud-init[1066]: ci-info: | enp0s3 | True |          10.0.2.15          | 255.255.255.0 |   .   | 02:ff:69:da:0d:18 |
[   37.037052] cloud-init[1066]: ci-info: | enp0s3 | True |  fe80::ff:69ff:feda:d18/64  |       .       |  link | 02:ff:69:da:0d:18 |
[   37.037104] cloud-init[1066]: ci-info: |   lo   | True |          127.0.0.1          |   255.0.0.0   |   .   |         .         |
[   37.037156] cloud-init[1066]: ci-info: |   lo   | True |           ::1/128           |       .       |  host |         .         |
[   37.037274] cloud-init[1066]: ci-info: | enp0s8 | True |         192.168.1.16        | 255.255.255.0 |   .   | 08:00:27:29:cf:67 |
[   37.037334] cloud-init[1066]: ci-info: | enp0s8 | True | fe80::a00:27ff:fe29:cf67/64 |       .       |  link | 08:00:27:29:cf:67 |
[   37.037386] cloud-init[1066]: ci-info: +--------+------+-----------------------------+---------------+-------+-------------------+
[   37.037463] cloud-init[1066]: ci-info: +++++++++++++++++++++++++++Route IPv4 info++++++++++++++++++++++++++++
[   37.037566] cloud-init[1066]: ci-info: +-------+-------------+----------+---------------+-----------+-------+
[   37.037640] cloud-init[1066]: ci-info: | Route | Destination | Gateway  |    Genmask    | Interface | Flags |
[   37.037705] cloud-init[1066]: ci-info: +-------+-------------+----------+---------------+-----------+-------+
[   37.037760] cloud-init[1066]: ci-info: |   0   |   0.0.0.0   | 10.0.2.2 |    0.0.0.0    |   enp0s3  |   UG  |
[   37.037816] cloud-init[1066]: ci-info: |   1   |   10.0.2.0  | 0.0.0.0  | 255.255.255.0 |   enp0s3  |   U   |
[   37.037871] cloud-init[1066]: ci-info: |   2   | 192.168.1.0 | 0.0.0.0  | 255.255.255.0 |   enp0s8  |   U   |
[   37.037926] cloud-init[1066]: ci-info: +-------+-------------+----------+---------------+-----------+-------+
[[0;32m  OK  [0m] Started Initial cloud-init job (metadata service crawler).
[[0;32m  OK  [0m] Reached target System Initialization.
[[0;32m  OK  [0m] Listening on D-Bus System Message Bus Socket.
[[0;32m  OK  [0m] Started Daily Cleanup of Temporary Directories.
[[0;32m  OK  [0m] Listening on UUID daemon activation socket.
         Starting Socket activation for snappy daemon.
         Starting LXD - unix socket.
[[0;32m  OK  [0m] Started Timer to automatically refresh installed snaps.
[[0;32m  OK  [0m] Listening on ACPID Listen Socket.
[[0;32m  OK  [0m] Started Daily apt activities.
[[0;32m  OK  [0m] Reached target Timers.
[[0;32m  OK  [0m] Started ACPI Events Check.
[[0;32m  OK  [0m] Reached target Paths.
[[0;32m  OK  [0m] Reached target Network is Online.
         Starting iSCSI initiator daemon (iscsid)...
[[0;32m  OK  [0m] Reached target Cloud-config availability.
[[0;32m  OK  [0m] Listening on Socket activation for snappy daemon.
[[0;32m  OK  [0m] Listening on LXD - unix socket.
[[0;32m  OK  [0m] Reached target Sockets.
[[0;32m  OK  [0m] Reached target Basic System.
[[0;32m  OK  [0m] Started FUSE filesystem for LXC.
[[0;32m  OK  [0m] Started ACPI event daemon.
[[0;32m  OK  [0m] Started Regular background program processing daemon.
[[0;32m  OK  [0m] Started Deferred execution scheduler.
[[0;32m  OK  [0m] Started Snappy daemon.
         Starting Auto import assertions from block devices...
         Starting LSB: Record successful boot for GRUB...
         Starting LSB: MD monitoring daemon...
         Starting Login Service...
[[0;32m  OK  [0m] Started D-Bus System Message Bus.
         Starting LXD - container startup/shutdown...
         Starting Accounts Service...
         Starting System Logging Service...
         Starting /etc/rc.local Compatibility...
         Starting Apply the settings specified in cloud-config...
[[0;32m  OK  [0m] Started Unattended Upgrades Shutdown.
         Starting OpenBSD Secure Shell server...
[[0;32m  OK  [0m] Started iSCSI initiator daemon (iscsid).
[[0;32m  OK  [0m] Started Auto import assertions from block devices.
[[0;32m  OK  [0m] Started /etc/rc.local Compatibility.
[[0;32m  OK  [0m] Started System Logging Service.
[   39.725490] cloud-init[1180]: Cloud-init v. 0.7.9 running 'modules:config' at Sat, 20 Jan 2018 12:32:19 +0000. Up 39.42 seconds.
         Starting Login to default iSCSI targets...
[[0;32m  OK  [0m] Started Apply the settings specified in cloud-config.
[[0;32m  OK  [0m] Started Login Service.
[[0;32m  OK  [0m] Started LSB: Record successful boot for GRUB.
[[0;32m  OK  [0m] Started LSB: MD monitoring daemon.
[[0;32m  OK  [0m] Started Login to default iSCSI targets.
[[0;32m  OK  [0m] Reached target Remote File Systems (Pre).
[[0;32m  OK  [0m] Reached target Remote File Systems.
         Starting LSB: VirtualBox Linux Additions...
         Starting LSB: Set the CPU Frequency Scaling governor to "ondemand"...
         Starting Permit User Sessions...
         Starting LSB: daemon to balance interrupts for SMP systems...
         Starting LSB: automatic crash report generation...
         Starting Authenticate and Authorize Users to Run Privileged Tasks...
[[0;32m  OK  [0m] Started Permit User Sessions.
[[0;32m  OK  [0m] Started LSB: Set the CPU Frequency Scaling governor to "ondemand".
         Starting Terminate Plymouth Boot Screen...
         Starting Hold until boot process finishes up...
[[0;32m  OK  [0m] Started Terminate Plymouth Boot Screen.
[[0;32m  OK  [0m] Started Hold until boot process finishes up.
[[0;32m  OK  [0m] Started Serial Getty on ttyS0.
         Starting Set console scheme...
[[0;32m  OK  [0m] Started Getty on tty1.
[[0;32m  OK  [0m] Reached target Login Prompts.
[[0;32m  OK  [0m] Started Set console scheme.
[[0;32m  OK  [0m] Started LSB: daemon to balance interrupts for SMP systems.
[[0;32m  OK  [0m] Started LSB: automatic crash report generation.
[[0;32m  OK  [0m] Started OpenBSD Secure Shell server.
[[0;32m  OK  [0m] Started Authenticate and Authorize Users to Run Privileged Tasks.
[[0;32m  OK  [0m] Started Accounts Service.
[[0;32m  OK  [0m] Started LSB: VirtualBox Linux Additions.
[[0;32m  OK  [0m] Created slice User Slice of ubuntu.
[[0;32m  OK  [0m] Started Session 1 of user ubuntu.
         Starting User Manager for UID 1000...
[[0;32m  OK  [0m] Started User Manager for UID 1000.
[[0;32m  OK  [0m] Started LXD - container startup/shutdown.
[[0;32m  OK  [0m] Reached target Multi-User System.
[[0;32m  OK  [0m] Reached target Graphical Interface.
         Starting Update UTMP about System Runlevel Changes...
         Starting Execute cloud user/final scripts...
[[0;32m  OK  [0m] Started Update UTMP about System Runlevel Changes.
[   42.980399] cloud-init[1344]: Cloud-init v. 0.7.9 running 'modules:final' at Sat, 20 Jan 2018 12:32:23 +0000. Up 42.74 seconds.
[[0;32m  OK  [0m] Started Execute cloud user/final scripts.
[[0;32m  OK  [0m] Reached target Cloud-init target.[   43.090312] cloud-init[1344]: Cloud-init v. 0.7.9 finished at Sat, 20 Jan 2018 12:32:23 +0000. Datasource DataSourceNoCloud [seed=/dev/sdb][dsmode=net].  Up 42.96 seconds


Ubuntu 16.04.2 LTS ubuntu-brightskies ttyS0

ubuntu-brightskies login:          Stopping User Manager for UID 1000...
[[0;32m  OK  [0m] Stopped target Timers         Stopping Deferred execution scheduler...
         Stopping Regular background program processing daemon...
         Stopping Snappy daemon...
         Stopping LSB: Apache2 web server...
         Stopping Unattended Upgrades Shutdown...
         Stopping LSB: Set the CPU Frequency Scaling governor to "ondemand"...
         Stopping LSB: MD monitoring daemon...
         Stopping System Logging Service...
         Stopping OpenBSD Secure Shell server...
         Stopping Authenticate and Authorize Users to Run Privileged Tasks...
         Stopping FUSE filesystem for LXC...
         Stopping D-Bus System Message Bus...
[[0;32m  OK  [0m] Unmounted /var/lib/lxcfs.
[[0;32m  OK  [0m] Stopped ACPI event daemon.
[[0;32m  OK  [0m] Stopped Regular background program processing daemon.
[[0;32m  OK  [0m] Stopped Deferred execution scheduler.
[[0;32m  OK  [0m] Stopped Snappy daemon.
[[0;32m  OK  [0m] Stopped Accounts Service.
[[0;32m  OK  [0m] Stopped System Logging Service.
[[0;32m  OK  [0m] Stopped Authenticate and Authorize Users to Run Privileged Tasks.
[[0;32m  OK  [0m] Stopped Serial Getty on ttyS0.
[[0;32m  OK  [0m] Stopped Getty on tty1.
[[0;32m  OK  [0m] Stopped User Manager for UID 1000.
[[0;32m  OK  [0m] Stopped OpenBSD Secure Shell server.
[[0;32m  OK  [0m] Stopped Session 3 of user ubuntu.
[[0;32m  OK  [0m] Stopped Unattended Upgrades Shutdown.
[[0;32m  OK  [0m] Stopped D-Bus System Message Bus.
[[0;32m  OK  [0m] Stopped FUSE filesystem for LXC.
[[0;32m  OK  [0m] Stopped LSB: Record successful boot for GRUB.
[[0;32m  OK  [0m] Stopped LXD - container startup/shutdown.
[[0;32m  OK  [0m] Stopped LSB: Set the CPU Frequency Scaling governor to "ondemand".
[[0;32m  OK  [0m] Stopped LSB: VirtualBox Linux Additions.
[[0;32m  OK  [0m] Stopped LSB: automatic crash report generation.
[[0;32m  OK  [0m] Stopped LSB: daemon to balance interrupts for SMP systems.
[[0;32m  OK  [0m] Stopped LSB: MD monitoring daemon.
[[0;32m  OK  [0m] Removed slice User Slice of ubuntu.
         Stopping Login Service...
[[0;32m  OK  [0m] Removed slice system-getty.slice.
[[0;32m  OK  [0m] Removed slice system-serial\x2dgetty.slice.
[[0;32m  OK  [0m] Stopped /etc/rc.local Compatibility.
         Stopping Permit User Sessions...
[[0;32m  OK  [0m] Stopped Login Service.
[[0;32m  OK  [0m] Stopped Permit User Sessions.
[[0;32m  OK  [0m] Stopped target User and Group Name Lookups.
[[0;32m  OK  [0m] Stopped LSB: Apache2 web server.
[[0;32m  OK  [0m] Stopped target Basic System.
[[0;32m  OK  [0m] Stopped target Paths.
[[0;32m  OK  [0m] Stopped ACPI Events Check.
[[0;32m  OK  [0m] Stopped Forward Password Requests to Wall Directory Watch.
[[0;32m  OK  [0m] Stopped Dispatch Password Requests to Console Directory Watch.
[[0;32m  OK  [0m] Stopped target Slices.
[[0;32m  OK  [0m] Removed slice User and Session Slice.
[[0;32m  OK  [0m] Stopped target Sockets.
[[0;32m  OK  [0m] Closed ACPID Listen Socket.
[[0;32m  OK  [0m] Closed Socket activation for snappy daemon.
[[0;32m  OK  [0m] Closed D-Bus System Message Bus Socket.
[[0;32m  OK  [0m] Closed Syslog Socket.
[[0;32m  OK  [0m] Closed UUID daemon activation socket.
[[0;32m  OK  [0m] Closed LXD - unix socket.
[[0;32m  OK  [0m] Stopped target System Initialization.
[[0;32m  OK  [0m] Stopped target Encrypted Volumes.
         Stopping Load/Save Random Seed...
         Stopping Update UTMP about System Boot/Shutdown...
[[0;32m  OK  [0m] Stopped target Swap.
[[0;32m  OK  [0m] Stopped target Remote File Systems.
[[0;32m  OK  [0m] Stopped target Remote File Systems (Pre).
         Stopping Login to default iSCSI targets...
[[0;32m  OK  [0m] Stopped Load/Save Random Seed.
[[0;32m  OK  [0m] Stopped Update UTMP about System Boot/Shutdown.
[[0;32m  OK  [0m] Stopped Create Volatile Files and Directories.
[[0;32m  OK  [0m] Stopped Login to default iSCSI targets.
         Stopping iSCSI initiator daemon (iscsid)...
[[0;32m  OK  [0m] Stopped iSCSI initiator daemon (iscsid).
[[0;32m  OK  [0m] Stopped target Network is Online.
[[0;32m  OK  [0m] Stopped target Network.
[[0;32m  OK  [0m] Stopped Initial cloud-init job (metadata service crawler).
         Stopping Raise network interfaces...
[[0;32m  OK  [0m] Stopped Raise network interfaces.
[[0;32m  OK  [0m] Stopped target Network (Pre).
[[0;32m  OK  [0m] Stopped Initial cloud-init job (pre-networking).
[[0;32m  OK  [0m] Stopped Apply Kernel Variables.
[[0;32m  OK  [0m] Stopped Load Kernel Modules.
[[0;32m  OK  [0m] Stopped target Local File Systems.
         Unmounting /run/user/1000...
         Unmounting /vagrant...
[[0;32m  OK  [0m] Unmounted /run/user/1000.
[[0;32m  OK  [0m] Unmounted /vagrant.
[[0;32m  OK  [0m] Reached target Unmount All Filesystems.
[[0;32m  OK  [0m] Stopped target Local File Systems (Pre).
         Stopping Monitoring of LVM2 mirrors... dmeventd or progress polling...
[[0;32m  OK  [0m] Stopped Remount Root and Kernel File Systems.
[[0;32m  OK  [0m] Stopped Create Static Device Nodes in /dev.
[[0;32m  OK  [0m] Reached target Shutdown.
[11818.476115] reboot: Power down
